<?xml version="1.0" encoding="UTF-8"?>
<TestRun id="424d60f9-516e-481b-9648-a1a0f2550166" name="mdrnec@WKST945 2011-07-31 09:43:59" runUser="SUMTOTAL\mdrnec" xmlns="http://microsoft.com/schemas/VisualStudio/TeamTest/2006">
  <TestRunConfiguration name="Local Test Run" id="fd78d07f-b39e-47c6-b6ac-273410bbcaba">
    <Description>This is a default test run configuration for a local test run.</Description>
    <Deployment runDeploymentRoot="C:\Users\mdrnec\Documents\Visual Studio 2008\Projects\CallScheduler\CallSchedulerTest\bin\Release\TestResults\mdrnec_WKST945 2011-07-31 09_43_59" />
    <TestTypeSpecific />
  </TestRunConfiguration>
  <ResultSummary outcome="Failed">
    <Counters total="1" executed="1" error="0" failed="1" timeout="0" aborted="0" inconclusive="0" passedButRunAborted="0" notRunnable="0" notExecuted="0" disconnected="0" warning="0" passed="0" completed="0" inProgress="0" pending="0" />
  </ResultSummary>
  <Times creation="2011-07-31T09:43:59.2784401-04:00" queuing="2011-07-31T09:43:59.5767679-04:00" start="2011-07-31T09:43:59.6448427-04:00" finish="2011-07-31T09:43:59.7829945-04:00" />
  <TestDefinitions>
    <UnitTest name="MaxConsecutiveShifts" storage="c:\users\mdrnec\documents\visual studio 2008\projects\callscheduler\callschedulertest\bin\release\callschedulertest.dll" id="a1ccb925-4974-adde-98b1-a29c23bf5593">
      <Css projectStructure="" iteration="" />
      <Execution timeOut="1800000" id="d09d04ba-730e-4c07-b2b7-d5ef8a23cfa4" />
      <Owners>
        <Owner name="" />
      </Owners>
      <TestMethod codeBase="C:/Users/mdrnec/Documents/Visual Studio 2008/Projects/CallScheduler/CallSchedulerTest/bin/Release/CallSchedulerTest.dll" adapterTypeName="Microsoft.VisualStudio.TestTools.TestTypes.Unit.UnitTestAdapter, Microsoft.VisualStudio.QualityTools.Tips.UnitTest.Adapter" className="CallSchedulerTest.SchedulerTest, CallSchedulerTest, Version=1.0.0.0, Culture=neutral, PublicKeyToken=null" name="MaxConsecutiveShifts" />
    </UnitTest>
  </TestDefinitions>
  <TestLists>
    <TestList name="Results Not in a List" id="8c84fa94-04c1-424b-9868-57a2d4851a1d" />
    <TestList name="All Loaded Results" id="19431567-8539-422a-85d7-44ee4e166bda" />
  </TestLists>
  <TestEntries>
    <TestEntry testId="a1ccb925-4974-adde-98b1-a29c23bf5593" executionId="d09d04ba-730e-4c07-b2b7-d5ef8a23cfa4" testListId="8c84fa94-04c1-424b-9868-57a2d4851a1d" />
  </TestEntries>
  <Results>
    <UnitTestResult executionId="d09d04ba-730e-4c07-b2b7-d5ef8a23cfa4" testId="a1ccb925-4974-adde-98b1-a29c23bf5593" testName="MaxConsecutiveShifts" computerName="WKST945" duration="00:00:00.0420342" startTime="2011-07-31T09:43:59.6718724-04:00" endTime="2011-07-31T09:43:59.7519604-04:00" testType="13cdc9d9-ddb5-4fa4-a97d-d965ccfc6d4b" outcome="Failed" testListId="8c84fa94-04c1-424b-9868-57a2d4851a1d">
      <Output>
        <ErrorInfo>
          <Message>Assert.IsTrue failed. </Message>
          <StackTrace>   at CallSchedulerTest.SchedulerTest.MaxConsecutiveShifts() in C:\Users\mdrnec\Documents\Visual Studio 2008\Projects\CallScheduler\CallSchedulerTest\SchedulerTest.cs:line 58
</StackTrace>
        </ErrorInfo>
      </Output>
    </UnitTestResult>
  </Results>
</TestRun>