<?xml version="1.0" encoding="UTF-8"?>
<TestRun id="98107d86-4740-4f8e-a773-0e38abdc527c" name="mdrnec@WKST945 2011-07-31 10:13:18" runUser="SUMTOTAL\mdrnec" xmlns="http://microsoft.com/schemas/VisualStudio/TeamTest/2006">
  <TestRunConfiguration name="Local Test Run" id="fd78d07f-b39e-47c6-b6ac-273410bbcaba">
    <Description>This is a default test run configuration for a local test run.</Description>
    <Deployment runDeploymentRoot="C:\Users\mdrnec\Documents\Visual Studio 2008\Projects\CallScheduler\CallSchedulerTest\bin\Release\TestResults\mdrnec_WKST945 2011-07-31 10_13_18" />
    <TestTypeSpecific />
  </TestRunConfiguration>
  <ResultSummary outcome="Failed">
    <Counters total="1" executed="1" error="0" failed="1" timeout="0" aborted="0" inconclusive="0" passedButRunAborted="0" notRunnable="0" notExecuted="0" disconnected="0" warning="0" passed="0" completed="0" inProgress="0" pending="0" />
  </ResultSummary>
  <Times creation="2011-07-31T10:13:18.6496511-04:00" queuing="2011-07-31T10:13:18.9478895-04:00" start="2011-07-31T10:13:19.0199471-04:00" finish="2011-07-31T10:13:19.1570567-04:00" />
  <TestDefinitions>
    <UnitTest name="TrueWhenDayBeingScheduledWouldExceedMax" storage="c:\users\mdrnec\documents\visual studio 2008\projects\callscheduler\callschedulertest\bin\release\callschedulertest.dll" id="af243682-97df-afb4-606d-49e08023dc7d">
      <Css projectStructure="" iteration="" />
      <Execution timeOut="1800000" id="3d35c6c4-e647-4332-856b-7db19900c914" />
      <Owners>
        <Owner name="" />
      </Owners>
      <TestMethod codeBase="C:/Users/mdrnec/Documents/Visual Studio 2008/Projects/CallScheduler/CallSchedulerTest/bin/Release/CallSchedulerTest.dll" adapterTypeName="Microsoft.VisualStudio.TestTools.TestTypes.Unit.UnitTestAdapter, Microsoft.VisualStudio.QualityTools.Tips.UnitTest.Adapter" className="CallSchedulerTest.SchedulerTest, CallSchedulerTest, Version=1.0.0.0, Culture=neutral, PublicKeyToken=null" name="TrueWhenDayBeingScheduledWouldExceedMax" />
    </UnitTest>
  </TestDefinitions>
  <TestLists>
    <TestList name="Results Not in a List" id="8c84fa94-04c1-424b-9868-57a2d4851a1d" />
    <TestList name="All Loaded Results" id="19431567-8539-422a-85d7-44ee4e166bda" />
  </TestLists>
  <TestEntries>
    <TestEntry testId="af243682-97df-afb4-606d-49e08023dc7d" executionId="3d35c6c4-e647-4332-856b-7db19900c914" testListId="8c84fa94-04c1-424b-9868-57a2d4851a1d" />
  </TestEntries>
  <Results>
    <UnitTestResult executionId="3d35c6c4-e647-4332-856b-7db19900c914" testId="af243682-97df-afb4-606d-49e08023dc7d" testName="TrueWhenDayBeingScheduledWouldExceedMax" computerName="WKST945" duration="00:00:00.0431422" startTime="2011-07-31T10:13:19.0459679-04:00" endTime="2011-07-31T10:13:19.1310359-04:00" testType="13cdc9d9-ddb5-4fa4-a97d-d965ccfc6d4b" outcome="Failed" testListId="8c84fa94-04c1-424b-9868-57a2d4851a1d">
      <Output>
        <ErrorInfo>
          <Message>Assert.IsTrue failed. </Message>
          <StackTrace>   at CallSchedulerTest.SchedulerTest.TrueWhenDayBeingScheduledWouldExceedMax() in C:\Users\mdrnec\Documents\Visual Studio 2008\Projects\CallScheduler\CallSchedulerTest\SchedulerTest.cs:line 74
</StackTrace>
        </ErrorInfo>
      </Output>
    </UnitTestResult>
  </Results>
</TestRun>