<?xml version="1.0" encoding="UTF-8"?>
<TestRun id="3b3cc45f-807b-4828-b3eb-854b23d1bbc7" name="mdrnec@WKST945 2011-07-31 09:46:34" runUser="SUMTOTAL\mdrnec" xmlns="http://microsoft.com/schemas/VisualStudio/TeamTest/2006">
  <TestRunConfiguration name="Local Test Run" id="fd78d07f-b39e-47c6-b6ac-273410bbcaba">
    <Description>This is a default test run configuration for a local test run.</Description>
    <Deployment runDeploymentRoot="C:\Users\mdrnec\Documents\Visual Studio 2008\Projects\CallScheduler\CallSchedulerTest\bin\Release\TestResults\mdrnec_WKST945 2011-07-31 09_46_34" />
    <TestTypeSpecific />
  </TestRunConfiguration>
  <ResultSummary outcome="Completed">
    <Counters total="1" executed="1" passed="1" error="0" failed="0" timeout="0" aborted="0" inconclusive="0" passedButRunAborted="0" notRunnable="0" notExecuted="0" disconnected="0" warning="0" completed="0" inProgress="0" pending="0" />
  </ResultSummary>
  <Times creation="2011-07-31T09:46:34.1222489-04:00" queuing="2011-07-31T09:46:34.4125099-04:00" start="2011-07-31T09:46:34.4815720-04:00" finish="2011-07-31T09:46:34.6126899-04:00" />
  <TestDefinitions>
    <UnitTest name="MaxConsecutiveShifts" storage="c:\users\mdrnec\documents\visual studio 2008\projects\callscheduler\callschedulertest\bin\release\callschedulertest.dll" id="a1ccb925-4974-adde-98b1-a29c23bf5593">
      <Css projectStructure="" iteration="" />
      <Execution timeOut="1800000" id="f4318034-1aeb-4c4a-b805-2d0329934e57" />
      <Owners>
        <Owner name="" />
      </Owners>
      <TestMethod codeBase="C:/Users/mdrnec/Documents/Visual Studio 2008/Projects/CallScheduler/CallSchedulerTest/bin/Release/CallSchedulerTest.dll" adapterTypeName="Microsoft.VisualStudio.TestTools.TestTypes.Unit.UnitTestAdapter, Microsoft.VisualStudio.QualityTools.Tips.UnitTest.Adapter" className="CallSchedulerTest.SchedulerTest, CallSchedulerTest, Version=1.0.0.0, Culture=neutral, PublicKeyToken=null" name="MaxConsecutiveShifts" />
    </UnitTest>
  </TestDefinitions>
  <TestLists>
    <TestList name="Results Not in a List" id="8c84fa94-04c1-424b-9868-57a2d4851a1d" />
    <TestList name="All Loaded Results" id="19431567-8539-422a-85d7-44ee4e166bda" />
  </TestLists>
  <TestEntries>
    <TestEntry testId="a1ccb925-4974-adde-98b1-a29c23bf5593" executionId="f4318034-1aeb-4c4a-b805-2d0329934e57" testListId="8c84fa94-04c1-424b-9868-57a2d4851a1d" />
  </TestEntries>
  <Results>
    <UnitTestResult executionId="f4318034-1aeb-4c4a-b805-2d0329934e57" testId="a1ccb925-4974-adde-98b1-a29c23bf5593" testName="MaxConsecutiveShifts" computerName="WKST945" duration="00:00:00.0278119" startTime="2011-07-31T09:46:34.5085963-04:00" endTime="2011-07-31T09:46:34.5826629-04:00" testType="13cdc9d9-ddb5-4fa4-a97d-d965ccfc6d4b" outcome="Passed" testListId="8c84fa94-04c1-424b-9868-57a2d4851a1d">
      <Output>
      </Output>
    </UnitTestResult>
  </Results>
</TestRun>